<?xml version="1.0" encoding="UTF-8"?>
<testsuite name="com.tsi.lifegame.core.UniverseTest" tests="2" skipped="0" failures="0" errors="0" timestamp="2015-09-19T20:17:15" hostname="TSI-DESARROLLO1" time="0.0010">
  <properties/>
  <testcase name="ExistUniverse" classname="com.tsi.lifegame.core.UniverseTest" time="0.0010"/>
  <testcase name="ExistGridCells" classname="com.tsi.lifegame.core.UniverseTest" time="0.0"/>
  <system-out><![CDATA[]]></system-out>
  <system-err><![CDATA[]]></system-err>
</testsuite>
